-------------------------------------------------------------------------------
Test set: TestSuite
-------------------------------------------------------------------------------
Tests run: 1, Failures: 1, Errors: 0, Skipped: 0, Time elapsed: 22.038 s <<< FAILURE! - in TestSuite
createAccountWithValidDataq(com.crm.tests.AdminTests)  Time elapsed: 14.33 s  <<< FAILURE!
java.lang.AssertionError: expected [Hello3] but found []
	at com.crm.tests.AdminTests.createAccountWithValidDataq(AdminTests.java:38)

